shared/build/intermediates/manifest_merge_blame_file/androidHostTest/processAndroidHostTestManifest/manifest-merger-blame-test-report.txt
1<?xml version="1.0" encoding="utf-8"?>
2<manifest xmlns:android="http://schemas.android.com/apk/res/android"
3    package="com.example.pam.shared.test" >
4
5    <uses-sdk
5-->manifest/test/tempFile1ProcessTestManifest12454897804685263288.xml:5:5-74
6        android:minSdkVersion="24"
6-->manifest/test/tempFile1ProcessTestManifest12454897804685263288.xml:5:15-41
7        android:targetSdkVersion="37" />
7-->manifest/test/tempFile1ProcessTestManifest12454897804685263288.xml:5:42-71
8
9    <instrumentation
9-->manifest/test/tempFile1ProcessTestManifest12454897804685263288.xml:9:5-11:77
10        android:name="androidx.test.runner.AndroidJUnitRunner"
10-->manifest/test/tempFile1ProcessTestManifest12454897804685263288.xml:9:22-76
11        android:label="Tests for com.example.pam.shared.test"
11-->manifest/test/tempFile1ProcessTestManifest12454897804685263288.xml:11:22-75
12        android:targetPackage="com.example.pam.shared.test" />
12-->manifest/test/tempFile1ProcessTestManifest12454897804685263288.xml:10:22-73
13
14    <permission
14-->[androidx.core:core:1.16.0] AndroidManifest.xml:22:5-24:47
15        android:name="com.example.pam.shared.test.DYNAMIC_RECEIVER_NOT_EXPORTED_PERMISSION"
15-->[androidx.core:core:1.16.0] AndroidManifest.xml:23:9-81
16        android:protectionLevel="signature" />
16-->[androidx.core:core:1.16.0] AndroidManifest.xml:24:9-44
17
18    <uses-permission android:name="com.example.pam.shared.test.DYNAMIC_RECEIVER_NOT_EXPORTED_PERMISSION" />
18-->[androidx.core:core:1.16.0] AndroidManifest.xml:26:5-97
18-->[androidx.core:core:1.16.0] AndroidManifest.xml:26:22-94
19
20    <application
20-->manifest/test/tempFile1ProcessTestManifest12454897804685263288.xml:7:5-46
21        android:appComponentFactory="androidx.core.app.CoreComponentFactory"
21-->[androidx.core:core:1.16.0] AndroidManifest.xml:28:18-86
22        android:debuggable="true" >
22-->manifest/test/tempFile1ProcessTestManifest12454897804685263288.xml:7:18-43
23        <provider
23-->[org.jetbrains.compose.components:components-resources-android:1.12.0] AndroidManifest.xml:8:9-13:20
24            android:name="org.jetbrains.compose.resources.AndroidContextProvider"
24-->[org.jetbrains.compose.components:components-resources-android:1.12.0] AndroidManifest.xml:9:13-82
25            android:authorities="com.example.pam.shared.test.resources.AndroidContextProvider"
25-->[org.jetbrains.compose.components:components-resources-android:1.12.0] AndroidManifest.xml:10:13-84
26            android:enabled="true"
26-->[org.jetbrains.compose.components:components-resources-android:1.12.0] AndroidManifest.xml:11:13-35
27            android:exported="false" >
27-->[org.jetbrains.compose.components:components-resources-android:1.12.0] AndroidManifest.xml:12:13-37
28        </provider>
29
30        <activity
30-->[org.jetbrains.compose.ui:ui-tooling-android:1.12.0] AndroidManifest.xml:23:9-25:39
31            android:name="org.jetbrains.androidx.compose.ui.tooling.PreviewActivity"
31-->[org.jetbrains.compose.ui:ui-tooling-android:1.12.0] AndroidManifest.xml:24:13-85
32            android:exported="true" />
32-->[org.jetbrains.compose.ui:ui-tooling-android:1.12.0] AndroidManifest.xml:25:13-36
33
34        <provider
34-->[androidx.emoji2:emoji2:1.4.0] AndroidManifest.xml:24:9-32:20
35            android:name="androidx.startup.InitializationProvider"
35-->[androidx.emoji2:emoji2:1.4.0] AndroidManifest.xml:25:13-67
36            android:authorities="com.example.pam.shared.test.androidx-startup"
36-->[androidx.emoji2:emoji2:1.4.0] AndroidManifest.xml:26:13-68
37            android:exported="false" >
37-->[androidx.emoji2:emoji2:1.4.0] AndroidManifest.xml:27:13-37
38            <meta-data
38-->[androidx.emoji2:emoji2:1.4.0] AndroidManifest.xml:29:13-31:52
39                android:name="androidx.emoji2.text.EmojiCompatInitializer"
39-->[androidx.emoji2:emoji2:1.4.0] AndroidManifest.xml:30:17-75
40                android:value="androidx.startup" />
40-->[androidx.emoji2:emoji2:1.4.0] AndroidManifest.xml:31:17-49
41            <meta-data
41-->[androidx.lifecycle:lifecycle-process:2.11.0] AndroidManifest.xml:29:13-31:52
42                android:name="androidx.lifecycle.ProcessLifecycleInitializer"
42-->[androidx.lifecycle:lifecycle-process:2.11.0] AndroidManifest.xml:30:17-78
43                android:value="androidx.startup" />
43-->[androidx.lifecycle:lifecycle-process:2.11.0] AndroidManifest.xml:31:17-49
44            <meta-data
44-->[androidx.profileinstaller:profileinstaller:1.4.0] AndroidManifest.xml:29:13-31:52
45                android:name="androidx.profileinstaller.ProfileInstallerInitializer"
45-->[androidx.profileinstaller:profileinstaller:1.4.0] AndroidManifest.xml:30:17-85
46                android:value="androidx.startup" />
46-->[androidx.profileinstaller:profileinstaller:1.4.0] AndroidManifest.xml:31:17-49
47        </provider>
48
49        <uses-library
49-->[androidx.window:window:1.5.0] AndroidManifest.xml:23:9-25:40
50            android:name="androidx.window.extensions"
50-->[androidx.window:window:1.5.0] AndroidManifest.xml:24:13-54
51            android:required="false" />
51-->[androidx.window:window:1.5.0] AndroidManifest.xml:25:13-37
52        <uses-library
52-->[androidx.window:window:1.5.0] AndroidManifest.xml:26:9-28:40
53            android:name="androidx.window.sidecar"
53-->[androidx.window:window:1.5.0] AndroidManifest.xml:27:13-51
54            android:required="false" />
54-->[androidx.window:window:1.5.0] AndroidManifest.xml:28:13-37
55
56        <activity
56-->[androidx.compose.ui:ui-tooling-android:1.12.0] AndroidManifest.xml:23:9-25:39
57            android:name="androidx.compose.ui.tooling.PreviewActivity"
57-->[androidx.compose.ui:ui-tooling-android:1.12.0] AndroidManifest.xml:24:13-71
58            android:exported="true" />
58-->[androidx.compose.ui:ui-tooling-android:1.12.0] AndroidManifest.xml:25:13-36
59
60        <receiver
60-->[androidx.profileinstaller:profileinstaller:1.4.0] AndroidManifest.xml:34:9-52:20
61            android:name="androidx.profileinstaller.ProfileInstallReceiver"
61-->[androidx.profileinstaller:profileinstaller:1.4.0] AndroidManifest.xml:35:13-76
62            android:directBootAware="false"
62-->[androidx.profileinstaller:profileinstaller:1.4.0] AndroidManifest.xml:36:13-44
63            android:enabled="true"
63-->[androidx.profileinstaller:profileinstaller:1.4.0] AndroidManifest.xml:37:13-35
64            android:exported="true"
64-->[androidx.profileinstaller:profileinstaller:1.4.0] AndroidManifest.xml:38:13-36
65            android:permission="android.permission.DUMP" >
65-->[androidx.profileinstaller:profileinstaller:1.4.0] AndroidManifest.xml:39:13-57
66            <intent-filter>
66-->[androidx.profileinstaller:profileinstaller:1.4.0] AndroidManifest.xml:40:13-42:29
67                <action android:name="androidx.profileinstaller.action.INSTALL_PROFILE" />
67-->[androidx.profileinstaller:profileinstaller:1.4.0] AndroidManifest.xml:41:17-91
67-->[androidx.profileinstaller:profileinstaller:1.4.0] AndroidManifest.xml:41:25-88
68            </intent-filter>
69            <intent-filter>
69-->[androidx.profileinstaller:profileinstaller:1.4.0] AndroidManifest.xml:43:13-45:29
70                <action android:name="androidx.profileinstaller.action.SKIP_FILE" />
70-->[androidx.profileinstaller:profileinstaller:1.4.0] AndroidManifest.xml:44:17-85
70-->[androidx.profileinstaller:profileinstaller:1.4.0] AndroidManifest.xml:44:25-82
71            </intent-filter>
72            <intent-filter>
72-->[androidx.profileinstaller:profileinstaller:1.4.0] AndroidManifest.xml:46:13-48:29
73                <action android:name="androidx.profileinstaller.action.SAVE_PROFILE" />
73-->[androidx.profileinstaller:profileinstaller:1.4.0] AndroidManifest.xml:47:17-88
73-->[androidx.profileinstaller:profileinstaller:1.4.0] AndroidManifest.xml:47:25-85
74            </intent-filter>
75            <intent-filter>
75-->[androidx.profileinstaller:profileinstaller:1.4.0] AndroidManifest.xml:49:13-51:29
76                <action android:name="androidx.profileinstaller.action.BENCHMARK_OPERATION" />
76-->[androidx.profileinstaller:profileinstaller:1.4.0] AndroidManifest.xml:50:17-95
76-->[androidx.profileinstaller:profileinstaller:1.4.0] AndroidManifest.xml:50:25-92
77            </intent-filter>
78        </receiver>
79    </application>
80
81</manifest>